Building H ...
Building fragment-energy preconditioner ...
Initializing T ...
Baker-Campbell-Hausdorff module initialized.
Performing coupled-cluster iterations ...
  ==================================================================================
  Optimization using Newton's method.
  Convergence when step-vector relative norm is less than 1e-08.
  DIIS will be used to accelerate convergence.
    DIIS will be invoked at Cycle 1
    DIIS Max subspace dimension = 5
  ==================================================================================
  Optimization Cycle: 1
    Computing Newton step ...
      Computing gradient and inverse Hessian ...
        Evaluating BCH expansion for  exp(-T) H exp(T)  ...
        Projection:  E_CCSD = <0| [exp(-T) H exp(T)] |0>
        -------------------------
        E_CCSD = 0.0000000000000000e+00
        -------------------------
        Approximate inverse Hessian from perturbation theory  ~=  [1/(F-Eo)]
      Applying inverse Hessian to gradient ...
    DIIS extrapolation ...
  Relative step norm = 1.000e+00
  Cycle Cumulative Time = 10.091989278793335
  ==================================================================================
  Optimization Cycle: 2
    Computing Newton step ...
      Computing gradient and inverse Hessian ...
        Evaluating BCH expansion for  exp(-T) H exp(T)  ...
        Projection:  E_CCSD = <0| [exp(-T) H exp(T)] |0>
        -------------------------
        E_CCSD = -1.4916744115934352e-01
        -------------------------
        Approximate inverse Hessian from perturbation theory  ~=  [1/(F-Eo)]
      Applying inverse Hessian to gradient ...
    DIIS extrapolation ...
  Relative step norm = 2.210e-01
  Cycle Cumulative Time = 22.20818519592285
  ==================================================================================
  Optimization Cycle: 3
    Computing Newton step ...
      Computing gradient and inverse Hessian ...
        Evaluating BCH expansion for  exp(-T) H exp(T)  ...
        Projection:  E_CCSD = <0| [exp(-T) H exp(T)] |0>
        -------------------------
        E_CCSD = -1.8263115398852581e-01
        -------------------------
        Approximate inverse Hessian from perturbation theory  ~=  [1/(F-Eo)]
      Applying inverse Hessian to gradient ...
    DIIS extrapolation ...
  Relative step norm = 4.830e-02
  Cycle Cumulative Time = 35.06727361679077
  ==================================================================================
  Optimization Cycle: 4
    Computing Newton step ...
      Computing gradient and inverse Hessian ...
        Evaluating BCH expansion for  exp(-T) H exp(T)  ...
        Projection:  E_CCSD = <0| [exp(-T) H exp(T)] |0>
        -------------------------
        E_CCSD = -1.8719199648606727e-01
        -------------------------
        Approximate inverse Hessian from perturbation theory  ~=  [1/(F-Eo)]
      Applying inverse Hessian to gradient ...
    DIIS extrapolation ...
  Relative step norm = 8.049e-03
  Cycle Cumulative Time = 48.538121461868286
  ==================================================================================
  Optimization Cycle: 5
    Computing Newton step ...
      Computing gradient and inverse Hessian ...
        Evaluating BCH expansion for  exp(-T) H exp(T)  ...
        Projection:  E_CCSD = <0| [exp(-T) H exp(T)] |0>
        -------------------------
        E_CCSD = -1.8781758506667054e-01
        -------------------------
        Approximate inverse Hessian from perturbation theory  ~=  [1/(F-Eo)]
      Applying inverse Hessian to gradient ...
    DIIS extrapolation ...
  Relative step norm = 9.162e-04
  Cycle Cumulative Time = 62.63274097442627
  ==================================================================================
  Optimization Cycle: 6
    Computing Newton step ...
      Computing gradient and inverse Hessian ...
        Evaluating BCH expansion for  exp(-T) H exp(T)  ...
        Projection:  E_CCSD = <0| [exp(-T) H exp(T)] |0>
        -------------------------
        E_CCSD = -1.8780838964110788e-01
        -------------------------
        Approximate inverse Hessian from perturbation theory  ~=  [1/(F-Eo)]
      Applying inverse Hessian to gradient ...
    DIIS extrapolation ...
  Relative step norm = 1.260e-04
  Cycle Cumulative Time = 76.69565892219543
  ==================================================================================
  Optimization Cycle: 7
    Computing Newton step ...
      Computing gradient and inverse Hessian ...
        Evaluating BCH expansion for  exp(-T) H exp(T)  ...
        Projection:  E_CCSD = <0| [exp(-T) H exp(T)] |0>
        -------------------------
        E_CCSD = -1.8782136641307473e-01
        -------------------------
        Approximate inverse Hessian from perturbation theory  ~=  [1/(F-Eo)]
      Applying inverse Hessian to gradient ...
    DIIS extrapolation ...
  Relative step norm = 2.088e-05
  Cycle Cumulative Time = 90.73059821128845
  ==================================================================================
  Optimization Cycle: 8
    Computing Newton step ...
      Computing gradient and inverse Hessian ...
        Evaluating BCH expansion for  exp(-T) H exp(T)  ...
        Projection:  E_CCSD = <0| [exp(-T) H exp(T)] |0>
        -------------------------
        E_CCSD = -1.8782330162852728e-01
        -------------------------
        Approximate inverse Hessian from perturbation theory  ~=  [1/(F-Eo)]
      Applying inverse Hessian to gradient ...
    DIIS extrapolation ...
  Relative step norm = 3.458e-06
  Cycle Cumulative Time = 104.76033735275269
  ==================================================================================
  Optimization Cycle: 9
    Computing Newton step ...
      Computing gradient and inverse Hessian ...
        Evaluating BCH expansion for  exp(-T) H exp(T)  ...
        Projection:  E_CCSD = <0| [exp(-T) H exp(T)] |0>
        -------------------------
        E_CCSD = -1.8782368610009742e-01
        -------------------------
        Approximate inverse Hessian from perturbation theory  ~=  [1/(F-Eo)]
      Applying inverse Hessian to gradient ...
    DIIS extrapolation ...
  Relative step norm = 7.268e-07
  Cycle Cumulative Time = 118.74354434013367
  ==================================================================================
  Optimization Cycle: 10
    Computing Newton step ...
      Computing gradient and inverse Hessian ...
        Evaluating BCH expansion for  exp(-T) H exp(T)  ...
        Projection:  E_CCSD = <0| [exp(-T) H exp(T)] |0>
        -------------------------
        E_CCSD = -1.8782373575139913e-01
        -------------------------
        Approximate inverse Hessian from perturbation theory  ~=  [1/(F-Eo)]
      Applying inverse Hessian to gradient ...
    DIIS extrapolation ...
  Relative step norm = 2.210e-07
  Cycle Cumulative Time = 132.7607843875885
  ==================================================================================
  Optimization Cycle: 11
    Computing Newton step ...
      Computing gradient and inverse Hessian ...
        Evaluating BCH expansion for  exp(-T) H exp(T)  ...
        Projection:  E_CCSD = <0| [exp(-T) H exp(T)] |0>
        -------------------------
        E_CCSD = -1.8782374159677181e-01
        -------------------------
        Approximate inverse Hessian from perturbation theory  ~=  [1/(F-Eo)]
      Applying inverse Hessian to gradient ...
    DIIS extrapolation ...
  Relative step norm = 2.600e-08
  Cycle Cumulative Time = 146.74969577789307
  ==================================================================================
  Optimization Cycle: 12
    Computing Newton step ...
      Computing gradient and inverse Hessian ...
        Evaluating BCH expansion for  exp(-T) H exp(T)  ...
        Projection:  E_CCSD = <0| [exp(-T) H exp(T)] |0>
        -------------------------
        E_CCSD = -1.8782373932179242e-01
        -------------------------
        Approximate inverse Hessian from perturbation theory  ~=  [1/(F-Eo)]
      Applying inverse Hessian to gradient ...
    DIIS extrapolation ...
  Relative step norm = 3.204e-09
  Cycle Cumulative Time = 160.7606725692749
  ==================================================================================
  Optimization Converged! (12 cycles)
  ==================================================================================
  Computing function value at final point ...
    Evaluating BCH expansion for  exp(-T) H exp(T)  ...
    Projection:  E_CCSD = <0| [exp(-T) H exp(T)] |0>
    -------------------------
    E_CCSD = -1.8782373920730275e-01
    -------------------------
  Cycle Cumulative Time = 168.2314374446869
  Final function value = -0.187823739207
  ==================================================================================
CCSD Time 168.23395681381226
CCSD Energy = -1292.20374574 Hartree

Total Excitonic CCSD Energy =  -876.778985918

