Building H ...
Building fragment-energy preconditioner ...
Initializing T ...
Baker-Campbell-Hausdorff module initialized.
Performing coupled-cluster iterations ...
  ==================================================================================
  Optimization using Newton's method.
  Convergence when step-vector relative norm is less than 1e-10.
  DIIS will be used to accelerate convergence.
    DIIS will be invoked at Cycle 1
    DIIS Max subspace dimension = 5
  ==================================================================================
  Optimization Cycle: 1
    Computing Newton step ...
      Computing gradient and inverse Hessian ...
        Evaluating BCH expansion for  exp(-T) H exp(T)  ...
        Projection:  E_CCSD = <0| [exp(-T) H exp(T)] |0>
        -------------------------
        E_CCSD = 0.0000000000000000e+00
        -------------------------
        Approximate inverse Hessian from perturbation theory  ~=  [1/(F-Eo)]
      Applying inverse Hessian to gradient ...
    DIIS extrapolation ...
  Relative step norm = 1.000e+00
  Cycle Cumulative Time = 0.015611410140991211
  ==================================================================================
  Optimization Cycle: 2
    Computing Newton step ...
      Computing gradient and inverse Hessian ...
        Evaluating BCH expansion for  exp(-T) H exp(T)  ...
        Projection:  E_CCSD = <0| [exp(-T) H exp(T)] |0>
        -------------------------
        E_CCSD = -2.2251654208859202e-05
        -------------------------
        Approximate inverse Hessian from perturbation theory  ~=  [1/(F-Eo)]
      Applying inverse Hessian to gradient ...
    DIIS extrapolation ...
  Relative step norm = 4.808e-02
  Cycle Cumulative Time = 0.03292703628540039
  ==================================================================================
  Optimization Cycle: 3
    Computing Newton step ...
      Computing gradient and inverse Hessian ...
        Evaluating BCH expansion for  exp(-T) H exp(T)  ...
        Projection:  E_CCSD = <0| [exp(-T) H exp(T)] |0>
        -------------------------
        E_CCSD = -2.2156199561686775e-05
        -------------------------
        Approximate inverse Hessian from perturbation theory  ~=  [1/(F-Eo)]
      Applying inverse Hessian to gradient ...
    DIIS extrapolation ...
  Relative step norm = 5.157e-03
  Cycle Cumulative Time = 0.05231142044067383
  ==================================================================================
  Optimization Cycle: 4
    Computing Newton step ...
      Computing gradient and inverse Hessian ...
        Evaluating BCH expansion for  exp(-T) H exp(T)  ...
        Projection:  E_CCSD = <0| [exp(-T) H exp(T)] |0>
        -------------------------
        E_CCSD = -2.2237846000275514e-05
        -------------------------
        Approximate inverse Hessian from perturbation theory  ~=  [1/(F-Eo)]
      Applying inverse Hessian to gradient ...
    DIIS extrapolation ...
  Relative step norm = 4.157e-04
  Cycle Cumulative Time = 0.0756375789642334
  ==================================================================================
  Optimization Cycle: 5
    Computing Newton step ...
      Computing gradient and inverse Hessian ...
        Evaluating BCH expansion for  exp(-T) H exp(T)  ...
        Projection:  E_CCSD = <0| [exp(-T) H exp(T)] |0>
        -------------------------
        E_CCSD = -2.2239017711074335e-05
        -------------------------
        Approximate inverse Hessian from perturbation theory  ~=  [1/(F-Eo)]
      Applying inverse Hessian to gradient ...
    DIIS extrapolation ...
  Relative step norm = 4.590e-05
  Cycle Cumulative Time = 0.10539102554321289
  ==================================================================================
  Optimization Cycle: 6
    Computing Newton step ...
      Computing gradient and inverse Hessian ...
        Evaluating BCH expansion for  exp(-T) H exp(T)  ...
        Projection:  E_CCSD = <0| [exp(-T) H exp(T)] |0>
        -------------------------
        E_CCSD = -2.2239015284228322e-05
        -------------------------
        Approximate inverse Hessian from perturbation theory  ~=  [1/(F-Eo)]
      Applying inverse Hessian to gradient ...
    DIIS extrapolation ...
  Relative step norm = 9.044e-07
  Cycle Cumulative Time = 0.12825751304626465
  ==================================================================================
  Optimization Cycle: 7
    Computing Newton step ...
      Computing gradient and inverse Hessian ...
        Evaluating BCH expansion for  exp(-T) H exp(T)  ...
        Projection:  E_CCSD = <0| [exp(-T) H exp(T)] |0>
        -------------------------
        E_CCSD = -2.2239015004062251e-05
        -------------------------
        Approximate inverse Hessian from perturbation theory  ~=  [1/(F-Eo)]
      Applying inverse Hessian to gradient ...
    DIIS extrapolation ...
  Relative step norm = 6.858e-08
  Cycle Cumulative Time = 0.15124225616455078
  ==================================================================================
  Optimization Cycle: 8
    Computing Newton step ...
      Computing gradient and inverse Hessian ...
        Evaluating BCH expansion for  exp(-T) H exp(T)  ...
        Projection:  E_CCSD = <0| [exp(-T) H exp(T)] |0>
        -------------------------
        E_CCSD = -2.2239014861913893e-05
        -------------------------
        Approximate inverse Hessian from perturbation theory  ~=  [1/(F-Eo)]
      Applying inverse Hessian to gradient ...
    DIIS extrapolation ...
  Relative step norm = 8.344e-09
  Cycle Cumulative Time = 0.17393207550048828
  ==================================================================================
  Optimization Cycle: 9
    Computing Newton step ...
      Computing gradient and inverse Hessian ...
        Evaluating BCH expansion for  exp(-T) H exp(T)  ...
        Projection:  E_CCSD = <0| [exp(-T) H exp(T)] |0>
        -------------------------
        E_CCSD = -2.2239014862709799e-05
        -------------------------
        Approximate inverse Hessian from perturbation theory  ~=  [1/(F-Eo)]
      Applying inverse Hessian to gradient ...
    DIIS extrapolation ...
  Relative step norm = 2.651e-10
  Cycle Cumulative Time = 0.19667339324951172
  ==================================================================================
  Optimization Cycle: 10
    Computing Newton step ...
      Computing gradient and inverse Hessian ...
        Evaluating BCH expansion for  exp(-T) H exp(T)  ...
        Projection:  E_CCSD = <0| [exp(-T) H exp(T)] |0>
        -------------------------
        E_CCSD = -2.2239014861509784e-05
        -------------------------
        Approximate inverse Hessian from perturbation theory  ~=  [1/(F-Eo)]
      Applying inverse Hessian to gradient ...
    DIIS extrapolation ...
  Relative step norm = 1.890e-11
  Cycle Cumulative Time = 0.21929097175598145
  ==================================================================================
  Optimization Converged! (10 cycles)
  ==================================================================================
  Computing function value at final point ...
    Evaluating BCH expansion for  exp(-T) H exp(T)  ...
    Projection:  E_CCSD = <0| [exp(-T) H exp(T)] |0>
    -------------------------
    E_CCSD = -2.2239014861695657e-05
    -------------------------
  Cycle Cumulative Time = 0.22468209266662598
  Final function value = -2.22390148617e-05
  ==================================================================================
CCSD Time 0.22492575645446777
CCSD Energy = -46.4841181412 Hartree

Total Excitonic CCSD Energy =  -43.8382320866

