Building H ...
Building fragment-energy preconditioner ...
Initializing T ...
Baker-Campbell-Hausdorff module initialized.
Performing coupled-cluster iterations ...
  ==================================================================================
  Optimization using Newton's method.
  Convergence when step-vector relative norm is less than 1e-10.
  DIIS will be used to accelerate convergence.
    DIIS will be invoked at Cycle 1
    DIIS Max subspace dimension = 5
  ==================================================================================
  Optimization Cycle: 1
    Computing Newton step ...
      Computing gradient and inverse Hessian ...
        Evaluating BCH expansion for  exp(-T) H exp(T)  ...
        Projection:  E_CCSD = <0| [exp(-T) H exp(T)] |0>
        -------------------------
        E_CCSD = 0.0000000000000000e+00
        -------------------------
        Approximate inverse Hessian from perturbation theory  ~=  [1/(F-Eo)]
      Applying inverse Hessian to gradient ...
    DIIS extrapolation ...
  Relative step norm = 1.000e+00
  Cycle Cumulative Time = 0.007716178894042969
  ==================================================================================
  Optimization Cycle: 2
    Computing Newton step ...
      Computing gradient and inverse Hessian ...
        Evaluating BCH expansion for  exp(-T) H exp(T)  ...
        Projection:  E_CCSD = <0| [exp(-T) H exp(T)] |0>
        -------------------------
        E_CCSD = -5.4692137434902242e-05
        -------------------------
        Approximate inverse Hessian from perturbation theory  ~=  [1/(F-Eo)]
      Applying inverse Hessian to gradient ...
    DIIS extrapolation ...
  Relative step norm = 8.698e-02
  Cycle Cumulative Time = 0.01599907875061035
  ==================================================================================
  Optimization Cycle: 3
    Computing Newton step ...
      Computing gradient and inverse Hessian ...
        Evaluating BCH expansion for  exp(-T) H exp(T)  ...
        Projection:  E_CCSD = <0| [exp(-T) H exp(T)] |0>
        -------------------------
        E_CCSD = -5.7662935198335186e-05
        -------------------------
        Approximate inverse Hessian from perturbation theory  ~=  [1/(F-Eo)]
      Applying inverse Hessian to gradient ...
    DIIS extrapolation ...
  Relative step norm = 1.523e-02
  Cycle Cumulative Time = 0.0256803035736084
  ==================================================================================
  Optimization Cycle: 4
    Computing Newton step ...
      Computing gradient and inverse Hessian ...
        Evaluating BCH expansion for  exp(-T) H exp(T)  ...
        Projection:  E_CCSD = <0| [exp(-T) H exp(T)] |0>
        -------------------------
        E_CCSD = -5.8338603537032508e-05
        -------------------------
        Approximate inverse Hessian from perturbation theory  ~=  [1/(F-Eo)]
      Applying inverse Hessian to gradient ...
    DIIS extrapolation ...
  Relative step norm = 1.705e-03
  Cycle Cumulative Time = 0.037287235260009766
  ==================================================================================
  Optimization Cycle: 5
    Computing Newton step ...
      Computing gradient and inverse Hessian ...
        Evaluating BCH expansion for  exp(-T) H exp(T)  ...
        Projection:  E_CCSD = <0| [exp(-T) H exp(T)] |0>
        -------------------------
        E_CCSD = -5.8361231670252866e-05
        -------------------------
        Approximate inverse Hessian from perturbation theory  ~=  [1/(F-Eo)]
      Applying inverse Hessian to gradient ...
    DIIS extrapolation ...
  Relative step norm = 1.020e-04
  Cycle Cumulative Time = 0.04937434196472168
  ==================================================================================
  Optimization Cycle: 6
    Computing Newton step ...
      Computing gradient and inverse Hessian ...
        Evaluating BCH expansion for  exp(-T) H exp(T)  ...
        Projection:  E_CCSD = <0| [exp(-T) H exp(T)] |0>
        -------------------------
        E_CCSD = -5.8359953808692436e-05
        -------------------------
        Approximate inverse Hessian from perturbation theory  ~=  [1/(F-Eo)]
      Applying inverse Hessian to gradient ...
    DIIS extrapolation ...
  Relative step norm = 4.863e-06
  Cycle Cumulative Time = 0.0606539249420166
  ==================================================================================
  Optimization Cycle: 7
    Computing Newton step ...
      Computing gradient and inverse Hessian ...
        Evaluating BCH expansion for  exp(-T) H exp(T)  ...
        Projection:  E_CCSD = <0| [exp(-T) H exp(T)] |0>
        -------------------------
        E_CCSD = -5.8359856269994540e-05
        -------------------------
        Approximate inverse Hessian from perturbation theory  ~=  [1/(F-Eo)]
      Applying inverse Hessian to gradient ...
    DIIS extrapolation ...
  Relative step norm = 6.462e-07
  Cycle Cumulative Time = 0.0720221996307373
  ==================================================================================
  Optimization Cycle: 8
    Computing Newton step ...
      Computing gradient and inverse Hessian ...
        Evaluating BCH expansion for  exp(-T) H exp(T)  ...
        Projection:  E_CCSD = <0| [exp(-T) H exp(T)] |0>
        -------------------------
        E_CCSD = -5.8359840292091390e-05
        -------------------------
        Approximate inverse Hessian from perturbation theory  ~=  [1/(F-Eo)]
      Applying inverse Hessian to gradient ...
    DIIS extrapolation ...
  Relative step norm = 4.505e-08
  Cycle Cumulative Time = 0.08339548110961914
  ==================================================================================
  Optimization Cycle: 9
    Computing Newton step ...
      Computing gradient and inverse Hessian ...
        Evaluating BCH expansion for  exp(-T) H exp(T)  ...
        Projection:  E_CCSD = <0| [exp(-T) H exp(T)] |0>
        -------------------------
        E_CCSD = -5.8359840372942487e-05
        -------------------------
        Approximate inverse Hessian from perturbation theory  ~=  [1/(F-Eo)]
      Applying inverse Hessian to gradient ...
    DIIS extrapolation ...
  Relative step norm = 2.450e-09
  Cycle Cumulative Time = 0.09442567825317383
  ==================================================================================
  Optimization Cycle: 10
    Computing Newton step ...
      Computing gradient and inverse Hessian ...
        Evaluating BCH expansion for  exp(-T) H exp(T)  ...
        Projection:  E_CCSD = <0| [exp(-T) H exp(T)] |0>
        -------------------------
        E_CCSD = -5.8359840416236374e-05
        -------------------------
        Approximate inverse Hessian from perturbation theory  ~=  [1/(F-Eo)]
      Applying inverse Hessian to gradient ...
    DIIS extrapolation ...
  Relative step norm = 3.494e-10
  Cycle Cumulative Time = 0.10554933547973633
  ==================================================================================
  Optimization Cycle: 11
    Computing Newton step ...
      Computing gradient and inverse Hessian ...
        Evaluating BCH expansion for  exp(-T) H exp(T)  ...
        Projection:  E_CCSD = <0| [exp(-T) H exp(T)] |0>
        -------------------------
        E_CCSD = -5.8359840428102472e-05
        -------------------------
        Approximate inverse Hessian from perturbation theory  ~=  [1/(F-Eo)]
      Applying inverse Hessian to gradient ...
    DIIS extrapolation ...
  Relative step norm = 5.660e-11
  Cycle Cumulative Time = 0.11682486534118652
  ==================================================================================
  Optimization Converged! (11 cycles)
  ==================================================================================
  Computing function value at final point ...
    Evaluating BCH expansion for  exp(-T) H exp(T)  ...
    Projection:  E_CCSD = <0| [exp(-T) H exp(T)] |0>
    -------------------------
    E_CCSD = -5.8359840429264879e-05
    -------------------------
  Cycle Cumulative Time = 0.11952733993530273
  Final function value = -5.83598404293e-05
  ==================================================================================
CCSD Time 0.11973953247070312
CCSD Energy = -30.48921798 Hartree

Total Excitonic CCSD Energy =  -29.2255112076

