Building H ...
Building fragment-energy preconditioner ...
Initializing T ...
Baker-Campbell-Hausdorff module initialized.
Performing coupled-cluster iterations ...
  ==================================================================================
  Optimization using Newton's method.
  Convergence when step-vector relative norm is less than 1e-10.
  DIIS will be used to accelerate convergence.
    DIIS will be invoked at Cycle 1
    DIIS Max subspace dimension = 5
  ==================================================================================
  Optimization Cycle: 1
    Computing Newton step ...
      Computing gradient and inverse Hessian ...
        Evaluating BCH expansion for  exp(-T) H exp(T)  ...
        Projection:  E_CCSD = <0| [exp(-T) H exp(T)] |0>
        -------------------------
        E_CCSD = 0.0000000000000000e+00
        -------------------------
        Approximate inverse Hessian from perturbation theory  ~=  [1/(F-Eo)]
      Applying inverse Hessian to gradient ...
    DIIS extrapolation ...
  Relative step norm = 1.000e+00
  Cycle Cumulative Time = 0.013810873031616211
  ==================================================================================
  Optimization Cycle: 2
    Computing Newton step ...
      Computing gradient and inverse Hessian ...
        Evaluating BCH expansion for  exp(-T) H exp(T)  ...
        Projection:  E_CCSD = <0| [exp(-T) H exp(T)] |0>
        -------------------------
        E_CCSD = -1.0225469978373661e-02
        -------------------------
        Approximate inverse Hessian from perturbation theory  ~=  [1/(F-Eo)]
      Applying inverse Hessian to gradient ...
    DIIS extrapolation ...
  Relative step norm = 2.862e-01
  Cycle Cumulative Time = 0.030382156372070312
  ==================================================================================
  Optimization Cycle: 3
    Computing Newton step ...
      Computing gradient and inverse Hessian ...
        Evaluating BCH expansion for  exp(-T) H exp(T)  ...
        Projection:  E_CCSD = <0| [exp(-T) H exp(T)] |0>
        -------------------------
        E_CCSD = -1.5017528059761798e-02
        -------------------------
        Approximate inverse Hessian from perturbation theory  ~=  [1/(F-Eo)]
      Applying inverse Hessian to gradient ...
    DIIS extrapolation ...
  Relative step norm = 7.892e-02
  Cycle Cumulative Time = 0.048597097396850586
  ==================================================================================
  Optimization Cycle: 4
    Computing Newton step ...
      Computing gradient and inverse Hessian ...
        Evaluating BCH expansion for  exp(-T) H exp(T)  ...
        Projection:  E_CCSD = <0| [exp(-T) H exp(T)] |0>
        -------------------------
        E_CCSD = -1.5585251869734976e-02
        -------------------------
        Approximate inverse Hessian from perturbation theory  ~=  [1/(F-Eo)]
      Applying inverse Hessian to gradient ...
    DIIS extrapolation ...
  Relative step norm = 1.169e-02
  Cycle Cumulative Time = 0.0702059268951416
  ==================================================================================
  Optimization Cycle: 5
    Computing Newton step ...
      Computing gradient and inverse Hessian ...
        Evaluating BCH expansion for  exp(-T) H exp(T)  ...
        Projection:  E_CCSD = <0| [exp(-T) H exp(T)] |0>
        -------------------------
        E_CCSD = -1.5704312668522180e-02
        -------------------------
        Approximate inverse Hessian from perturbation theory  ~=  [1/(F-Eo)]
      Applying inverse Hessian to gradient ...
    DIIS extrapolation ...
  Relative step norm = 3.568e-03
  Cycle Cumulative Time = 0.09423136711120605
  ==================================================================================
  Optimization Cycle: 6
    Computing Newton step ...
      Computing gradient and inverse Hessian ...
        Evaluating BCH expansion for  exp(-T) H exp(T)  ...
        Projection:  E_CCSD = <0| [exp(-T) H exp(T)] |0>
        -------------------------
        E_CCSD = -1.5756192202735719e-02
        -------------------------
        Approximate inverse Hessian from perturbation theory  ~=  [1/(F-Eo)]
      Applying inverse Hessian to gradient ...
    DIIS extrapolation ...
  Relative step norm = 6.062e-04
  Cycle Cumulative Time = 0.11782574653625488
  ==================================================================================
  Optimization Cycle: 7
    Computing Newton step ...
      Computing gradient and inverse Hessian ...
        Evaluating BCH expansion for  exp(-T) H exp(T)  ...
        Projection:  E_CCSD = <0| [exp(-T) H exp(T)] |0>
        -------------------------
        E_CCSD = -1.5752870821996990e-02
        -------------------------
        Approximate inverse Hessian from perturbation theory  ~=  [1/(F-Eo)]
      Applying inverse Hessian to gradient ...
    DIIS extrapolation ...
  Relative step norm = 1.083e-04
  Cycle Cumulative Time = 0.14066362380981445
  ==================================================================================
  Optimization Cycle: 8
    Computing Newton step ...
      Computing gradient and inverse Hessian ...
        Evaluating BCH expansion for  exp(-T) H exp(T)  ...
        Projection:  E_CCSD = <0| [exp(-T) H exp(T)] |0>
        -------------------------
        E_CCSD = -1.5752515678343116e-02
        -------------------------
        Approximate inverse Hessian from perturbation theory  ~=  [1/(F-Eo)]
      Applying inverse Hessian to gradient ...
    DIIS extrapolation ...
  Relative step norm = 2.101e-05
  Cycle Cumulative Time = 0.16360068321228027
  ==================================================================================
  Optimization Cycle: 9
    Computing Newton step ...
      Computing gradient and inverse Hessian ...
        Evaluating BCH expansion for  exp(-T) H exp(T)  ...
        Projection:  E_CCSD = <0| [exp(-T) H exp(T)] |0>
        -------------------------
        E_CCSD = -1.5752215438880193e-02
        -------------------------
        Approximate inverse Hessian from perturbation theory  ~=  [1/(F-Eo)]
      Applying inverse Hessian to gradient ...
    DIIS extrapolation ...
  Relative step norm = 4.396e-06
  Cycle Cumulative Time = 0.1863701343536377
  ==================================================================================
  Optimization Cycle: 10
    Computing Newton step ...
      Computing gradient and inverse Hessian ...
        Evaluating BCH expansion for  exp(-T) H exp(T)  ...
        Projection:  E_CCSD = <0| [exp(-T) H exp(T)] |0>
        -------------------------
        E_CCSD = -1.5752224009653662e-02
        -------------------------
        Approximate inverse Hessian from perturbation theory  ~=  [1/(F-Eo)]
      Applying inverse Hessian to gradient ...
    DIIS extrapolation ...
  Relative step norm = 7.676e-07
  Cycle Cumulative Time = 0.2091665267944336
  ==================================================================================
  Optimization Cycle: 11
    Computing Newton step ...
      Computing gradient and inverse Hessian ...
        Evaluating BCH expansion for  exp(-T) H exp(T)  ...
        Projection:  E_CCSD = <0| [exp(-T) H exp(T)] |0>
        -------------------------
        E_CCSD = -1.5752222599445871e-02
        -------------------------
        Approximate inverse Hessian from perturbation theory  ~=  [1/(F-Eo)]
      Applying inverse Hessian to gradient ...
    DIIS extrapolation ...
  Relative step norm = 1.017e-07
  Cycle Cumulative Time = 0.2319166660308838
  ==================================================================================
  Optimization Cycle: 12
    Computing Newton step ...
      Computing gradient and inverse Hessian ...
        Evaluating BCH expansion for  exp(-T) H exp(T)  ...
        Projection:  E_CCSD = <0| [exp(-T) H exp(T)] |0>
        -------------------------
        E_CCSD = -1.5752223101530315e-02
        -------------------------
        Approximate inverse Hessian from perturbation theory  ~=  [1/(F-Eo)]
      Applying inverse Hessian to gradient ...
    DIIS extrapolation ...
  Relative step norm = 2.135e-08
  Cycle Cumulative Time = 0.25471043586730957
  ==================================================================================
  Optimization Cycle: 13
    Computing Newton step ...
      Computing gradient and inverse Hessian ...
        Evaluating BCH expansion for  exp(-T) H exp(T)  ...
        Projection:  E_CCSD = <0| [exp(-T) H exp(T)] |0>
        -------------------------
        E_CCSD = -1.5752223185434344e-02
        -------------------------
        Approximate inverse Hessian from perturbation theory  ~=  [1/(F-Eo)]
      Applying inverse Hessian to gradient ...
    DIIS extrapolation ...
  Relative step norm = 5.282e-09
  Cycle Cumulative Time = 0.27765417098999023
  ==================================================================================
  Optimization Cycle: 14
    Computing Newton step ...
      Computing gradient and inverse Hessian ...
        Evaluating BCH expansion for  exp(-T) H exp(T)  ...
        Projection:  E_CCSD = <0| [exp(-T) H exp(T)] |0>
        -------------------------
        E_CCSD = -1.5752223188425656e-02
        -------------------------
        Approximate inverse Hessian from perturbation theory  ~=  [1/(F-Eo)]
      Applying inverse Hessian to gradient ...
    DIIS extrapolation ...
  Relative step norm = 9.964e-10
  Cycle Cumulative Time = 0.30044007301330566
  ==================================================================================
  Optimization Cycle: 15
    Computing Newton step ...
      Computing gradient and inverse Hessian ...
        Evaluating BCH expansion for  exp(-T) H exp(T)  ...
        Projection:  E_CCSD = <0| [exp(-T) H exp(T)] |0>
        -------------------------
        E_CCSD = -1.5752223172564018e-02
        -------------------------
        Approximate inverse Hessian from perturbation theory  ~=  [1/(F-Eo)]
      Applying inverse Hessian to gradient ...
    DIIS extrapolation ...
  Relative step norm = 1.858e-10
  Cycle Cumulative Time = 0.3232433795928955
  ==================================================================================
  Optimization Cycle: 16
    Computing Newton step ...
      Computing gradient and inverse Hessian ...
        Evaluating BCH expansion for  exp(-T) H exp(T)  ...
        Projection:  E_CCSD = <0| [exp(-T) H exp(T)] |0>
        -------------------------
        E_CCSD = -1.5752223171369477e-02
        -------------------------
        Approximate inverse Hessian from perturbation theory  ~=  [1/(F-Eo)]
      Applying inverse Hessian to gradient ...
    DIIS extrapolation ...
  Relative step norm = 3.109e-11
  Cycle Cumulative Time = 0.3459651470184326
  ==================================================================================
  Optimization Converged! (16 cycles)
  ==================================================================================
  Computing function value at final point ...
    Evaluating BCH expansion for  exp(-T) H exp(T)  ...
    Projection:  E_CCSD = <0| [exp(-T) H exp(T)] |0>
    -------------------------
    E_CCSD = -1.5752223170853060e-02
    -------------------------
  Cycle Cumulative Time = 0.35134267807006836
  Final function value = -0.0157522231709
  ==================================================================================
CCSD Time 0.3515958786010742
CCSD Energy = -49.7151969718 Hartree

Total Excitonic CCSD Energy =  -43.8354501838

