Building H ...
Building fragment-energy preconditioner ...
Initializing T ...
Baker-Campbell-Hausdorff module initialized.
Performing coupled-cluster iterations ...
  ==================================================================================
  Optimization using Newton's method.
  Convergence when step-vector relative norm is less than 1e-10.
  DIIS will be used to accelerate convergence.
    DIIS will be invoked at Cycle 1
    DIIS Max subspace dimension = 5
  ==================================================================================
  Optimization Cycle: 1
    Computing Newton step ...
      Computing gradient and inverse Hessian ...
        Evaluating BCH expansion for  exp(-T) H exp(T)  ...
        Projection:  E_CCSD = <0| [exp(-T) H exp(T)] |0>
        -------------------------
        E_CCSD = 0.0000000000000000e+00
        -------------------------
        Approximate inverse Hessian from perturbation theory  ~=  [1/(F-Eo)]
      Applying inverse Hessian to gradient ...
    DIIS extrapolation ...
  Relative step norm = 1.000e+00
  Cycle Cumulative Time = 0.017408370971679688
  ==================================================================================
  Optimization Cycle: 2
    Computing Newton step ...
      Computing gradient and inverse Hessian ...
        Evaluating BCH expansion for  exp(-T) H exp(T)  ...
        Projection:  E_CCSD = <0| [exp(-T) H exp(T)] |0>
        -------------------------
        E_CCSD = -1.5786047708773993e-04
        -------------------------
        Approximate inverse Hessian from perturbation theory  ~=  [1/(F-Eo)]
      Applying inverse Hessian to gradient ...
    DIIS extrapolation ...
  Relative step norm = 9.823e-02
  Cycle Cumulative Time = 0.03702259063720703
  ==================================================================================
  Optimization Cycle: 3
    Computing Newton step ...
      Computing gradient and inverse Hessian ...
        Evaluating BCH expansion for  exp(-T) H exp(T)  ...
        Projection:  E_CCSD = <0| [exp(-T) H exp(T)] |0>
        -------------------------
        E_CCSD = -1.6931828088616755e-04
        -------------------------
        Approximate inverse Hessian from perturbation theory  ~=  [1/(F-Eo)]
      Applying inverse Hessian to gradient ...
    DIIS extrapolation ...
  Relative step norm = 1.796e-02
  Cycle Cumulative Time = 0.05877232551574707
  ==================================================================================
  Optimization Cycle: 4
    Computing Newton step ...
      Computing gradient and inverse Hessian ...
        Evaluating BCH expansion for  exp(-T) H exp(T)  ...
        Projection:  E_CCSD = <0| [exp(-T) H exp(T)] |0>
        -------------------------
        E_CCSD = -1.7166919282547938e-04
        -------------------------
        Approximate inverse Hessian from perturbation theory  ~=  [1/(F-Eo)]
      Applying inverse Hessian to gradient ...
    DIIS extrapolation ...
  Relative step norm = 1.863e-03
  Cycle Cumulative Time = 0.08217954635620117
  ==================================================================================
  Optimization Cycle: 5
    Computing Newton step ...
      Computing gradient and inverse Hessian ...
        Evaluating BCH expansion for  exp(-T) H exp(T)  ...
        Projection:  E_CCSD = <0| [exp(-T) H exp(T)] |0>
        -------------------------
        E_CCSD = -1.7173820205410533e-04
        -------------------------
        Approximate inverse Hessian from perturbation theory  ~=  [1/(F-Eo)]
      Applying inverse Hessian to gradient ...
    DIIS extrapolation ...
  Relative step norm = 1.117e-04
  Cycle Cumulative Time = 0.10952305793762207
  ==================================================================================
  Optimization Cycle: 6
    Computing Newton step ...
      Computing gradient and inverse Hessian ...
        Evaluating BCH expansion for  exp(-T) H exp(T)  ...
        Projection:  E_CCSD = <0| [exp(-T) H exp(T)] |0>
        -------------------------
        E_CCSD = -1.7173304708732685e-04
        -------------------------
        Approximate inverse Hessian from perturbation theory  ~=  [1/(F-Eo)]
      Applying inverse Hessian to gradient ...
    DIIS extrapolation ...
  Relative step norm = 6.100e-06
  Cycle Cumulative Time = 0.13723349571228027
  ==================================================================================
  Optimization Cycle: 7
    Computing Newton step ...
      Computing gradient and inverse Hessian ...
        Evaluating BCH expansion for  exp(-T) H exp(T)  ...
        Projection:  E_CCSD = <0| [exp(-T) H exp(T)] |0>
        -------------------------
        E_CCSD = -1.7173261783324801e-04
        -------------------------
        Approximate inverse Hessian from perturbation theory  ~=  [1/(F-Eo)]
      Applying inverse Hessian to gradient ...
    DIIS extrapolation ...
  Relative step norm = 6.170e-07
  Cycle Cumulative Time = 0.1650846004486084
  ==================================================================================
  Optimization Cycle: 8
    Computing Newton step ...
      Computing gradient and inverse Hessian ...
        Evaluating BCH expansion for  exp(-T) H exp(T)  ...
        Projection:  E_CCSD = <0| [exp(-T) H exp(T)] |0>
        -------------------------
        E_CCSD = -1.7173257332323764e-04
        -------------------------
        Approximate inverse Hessian from perturbation theory  ~=  [1/(F-Eo)]
      Applying inverse Hessian to gradient ...
    DIIS extrapolation ...
  Relative step norm = 4.376e-08
  Cycle Cumulative Time = 0.19286012649536133
  ==================================================================================
  Optimization Cycle: 9
    Computing Newton step ...
      Computing gradient and inverse Hessian ...
        Evaluating BCH expansion for  exp(-T) H exp(T)  ...
        Projection:  E_CCSD = <0| [exp(-T) H exp(T)] |0>
        -------------------------
        E_CCSD = -1.7173257347448309e-04
        -------------------------
        Approximate inverse Hessian from perturbation theory  ~=  [1/(F-Eo)]
      Applying inverse Hessian to gradient ...
    DIIS extrapolation ...
  Relative step norm = 4.645e-09
  Cycle Cumulative Time = 0.22019481658935547
  ==================================================================================
  Optimization Cycle: 10
    Computing Newton step ...
      Computing gradient and inverse Hessian ...
        Evaluating BCH expansion for  exp(-T) H exp(T)  ...
        Projection:  E_CCSD = <0| [exp(-T) H exp(T)] |0>
        -------------------------
        E_CCSD = -1.7173257359084782e-04
        -------------------------
        Approximate inverse Hessian from perturbation theory  ~=  [1/(F-Eo)]
      Applying inverse Hessian to gradient ...
    DIIS extrapolation ...
  Relative step norm = 6.975e-10
  Cycle Cumulative Time = 0.24771404266357422
  ==================================================================================
  Optimization Cycle: 11
    Computing Newton step ...
      Computing gradient and inverse Hessian ...
        Evaluating BCH expansion for  exp(-T) H exp(T)  ...
        Projection:  E_CCSD = <0| [exp(-T) H exp(T)] |0>
        -------------------------
        E_CCSD = -1.7173257362501022e-04
        -------------------------
        Approximate inverse Hessian from perturbation theory  ~=  [1/(F-Eo)]
      Applying inverse Hessian to gradient ...
    DIIS extrapolation ...
  Relative step norm = 7.865e-11
  Cycle Cumulative Time = 0.275376558303833
  ==================================================================================
  Optimization Converged! (11 cycles)
  ==================================================================================
  Computing function value at final point ...
    Evaluating BCH expansion for  exp(-T) H exp(T)  ...
    Projection:  E_CCSD = <0| [exp(-T) H exp(T)] |0>
    -------------------------
    E_CCSD = -1.7173257362791152e-04
    -------------------------
  Cycle Cumulative Time = 0.28153324127197266
  Final function value = -0.000171732573628
  ==================================================================================
CCSD Time 0.28181910514831543
CCSD Energy = -47.0947831042 Hartree

Total Excitonic CCSD Energy =  -43.8383079601

